\BOOKMARK [0][-]{chapter*.8}{\376\377\000W\000s\000t\001\031\000p}{}% 1
\BOOKMARK [0][-]{chapter.1}{\376\377\000M\000o\000d\000e\000l\000e\000\040\000s\000y\000m\000u\000l\000a\000c\000j\000i\000\040\000r\000o\000z\000p\000r\000z\000e\000s\000t\000r\000z\000e\000n\000i\000a\000n\000i\000a\000\040\000s\000i\001\031\000\040\000z\000a\000r\000a\001\174\000e\001\104}{}% 2
\BOOKMARK [1][-]{section.1.1}{\376\377\000M\000o\000d\000e\000l\000e\000\040\000b\000a\000z\000u\000j\001\005\000c\000e\000\040\000n\000a\000\040\000S\000I\000R}{chapter.1}% 3
\BOOKMARK [1][-]{section.1.2}{\376\377\000M\000o\000d\000e\000l\000e\000\040\000a\000g\000e\000n\000t\000o\000w\000e}{chapter.1}% 4
\BOOKMARK [1][-]{section.1.3}{\376\377\000I\000n\000n\000e\000\040\000a\000p\000l\000i\000k\000a\000c\000j\000e\000\040\000d\000o\000\040\000s\000y\000m\000u\000l\000a\000c\000j\000i\000\040\000z\000a\000r\000a\001\174\000e\001\104}{chapter.1}% 5
\BOOKMARK [2][-]{subsection.1.3.1}{\376\377\000E\000p\000i\000S\000i\000m\000d\000e\000m\000i\000c\000s\000\040\000-\000\040\000r\000\363\000w\000n\000o\000l\000e\000g\001\102\000y\000\040\000a\000l\000g\000o\000r\000y\000t\000m\000\040\000s\000y\000m\000u\000l\000a\000c\000j\000i\000\040\000e\000p\000i\000d\000e\000m\000i\000i}{section.1.3}% 6
\BOOKMARK [2][-]{subsection.1.3.2}{\376\377\000Z\000a\000s\000t\000o\000s\000o\000w\000a\000n\000i\000e\000\040\000r\000o\000z\000s\000z\000e\000r\000z\000o\000n\000e\000j\000\040\000r\000z\000e\000c\000z\000y\000w\000i\000s\000t\000o\001\133\000c\000i\000\040\000w\000\040\000s\000y\000m\000u\000l\000a\000c\000j\000i\000\040\000z\000a\000r\000a\001\174\000e\001\104}{section.1.3}% 7
\BOOKMARK [2][-]{subsection.1.3.3}{\376\377\000A\000p\000l\000i\000k\000a\000c\000j\000e\000\040\000d\000o\000s\000t\001\031\000p\000n\000e\000\040\000w\000\040\000i\000n\000t\000e\000r\000n\000e\000c\000i\000e\000\040\000i\000\040\000s\000k\000l\000e\000p\000a\000c\000h\000\040\000z\000\040\000a\000p\000l\000i\000k\000a\000c\000j\000a\000m\000i}{section.1.3}% 8
\BOOKMARK [0][-]{chapter.2}{\376\377\000W\000y\000m\000a\000g\000a\000n\000i\000a\000\040\000i\000\040\000n\000a\000r\000z\001\031\000d\000z\000i\000a}{}% 9
\BOOKMARK [1][-]{section.2.1}{\376\377\000W\000y\000m\000a\000g\000a\000n\000i\000a\000\040\000f\000u\000n\000k\000c\000j\000o\000n\000a\000l\000n\000e\000\040\000i\000\040\000n\000i\000e\000f\000u\000n\000k\000c\000j\000o\000n\000a\000l\000n\000e}{chapter.2}% 10
\BOOKMARK [2][-]{subsection.2.1.1}{\376\377\000W\000y\000m\000a\000g\000a\000n\000i\000a\000\040\000f\000u\000n\000k\000c\000j\000o\000n\000a\000l\000n\000e}{section.2.1}% 11
\BOOKMARK [2][-]{subsection.2.1.2}{\376\377\000W\000y\000m\000a\000g\000a\000n\000i\000a\000\040\000n\000i\000e\000f\000u\000n\000k\000c\000j\000o\000n\000a\000l\000n\000e}{section.2.1}% 12
\BOOKMARK [1][-]{section.2.2}{\376\377\000W\000y\000b\000r\000a\000n\000a\000\040\000t\000e\000c\000h\000n\000o\000l\000o\000g\000i\000a}{chapter.2}% 13
\BOOKMARK [1][-]{section.2.3}{\376\377\000M\000o\000d\000e\000l\000\040\000s\000y\000m\000u\000l\000a\000c\000j\000i\000\040\000r\000o\000z\000p\000r\000z\000e\000s\000t\000r\000z\000e\000n\000i\000a\000n\000i\000a\000\040\000s\000i\001\031\000\040\000z\000a\000r\000a\001\174\000e\001\104\000\040\000z\000a\000s\000t\000o\000s\000o\000w\000a\000n\000y\000\040\000w\000\040\000I\000n\000f\000e\000k\000t\000o\000S\000y\000m}{chapter.2}% 14
\BOOKMARK [2][-]{subsection.2.3.1}{\376\377\000R\000\363\000w\000n\000a\000n\000i\000a\000\040\000o\000p\000i\000s\000u\000j\001\005\000c\000e\000\040\000m\000o\000d\000e\000l\000\040\000s\000y\000m\000u\000l\000a\000c\000j\000i}{section.2.3}% 15
\BOOKMARK [2][-]{subsection.2.3.2}{\376\377\000S\000y\000m\000u\000l\000a\000c\000j\000a\000\040\000z\000a\000c\000h\000o\000w\000a\001\104\000\040\000l\000u\000d\000z\000k\000i\000c\000h}{section.2.3}% 16
\BOOKMARK [0][-]{chapter.3}{\376\377\000S\000p\000e\000c\000y\000f\000i\000k\000a\000c\000j\000a\000\040\000z\000e\000w\000n\001\031\000t\000r\000z\000n\000a}{}% 17
\BOOKMARK [1][-]{section.3.1}{\376\377\000W\000y\000m\000a\000g\000a\000n\000i\000a}{chapter.3}% 18
\BOOKMARK [1][-]{section.3.2}{\376\377\000U\000r\000u\000c\000h\000a\000m\000i\000a\000n\000i\000e\000\040\000a\000p\000l\000i\000k\000a\000c\000j\000i}{chapter.3}% 19
\BOOKMARK [1][-]{section.3.3}{\376\377\000O\000b\000s\001\102\000u\000g\000a\000\040\000a\000p\000l\000i\000k\000a\000c\000j\000i}{chapter.3}% 20
\BOOKMARK [0][-]{chapter.4}{\376\377\000S\000p\000e\000c\000y\000f\000i\000k\000a\000c\000j\000a\000\040\000w\000e\000w\000n\001\031\000t\000r\000z\000n\000a}{}% 21
\BOOKMARK [1][-]{section.4.1}{\376\377\000A\000r\000c\000h\000i\000t\000e\000k\000t\000u\000r\000a\000\040\000s\000y\000s\000t\000e\000m\000u}{chapter.4}% 22
\BOOKMARK [2][-]{subsection.4.1.1}{\376\377\000B\000i\000b\000l\000i\000o\000t\000e\000k\000i\000\040\000i\000\040\000m\000o\000d\000u\001\102\000y}{section.4.1}% 23
\BOOKMARK [1][-]{section.4.2}{\376\377\000A\000l\000g\000o\000r\000y\000t\000m\000y}{chapter.4}% 24
\BOOKMARK [2][-]{subsection.4.2.1}{\376\377\000K\000o\000n\000t\000r\000o\000l\000a\000\040\000r\000o\000z\000p\000r\000z\000e\000s\000t\000r\000z\000e\000n\000i\000a\000n\000i\000a\000\040\000s\000i\001\031\000\040\000c\000h\000o\000r\000o\000b\000y}{section.4.2}% 25
\BOOKMARK [2][-]{subsection.4.2.2}{\376\377\000S\000y\000m\000u\000l\000a\000c\000j\000a\000\040\000z\000a\000c\000h\000o\000w\000a\001\104\000\040\000l\000u\000d\000z\000k\000i\000c\000h}{section.4.2}% 26
\BOOKMARK [0][-]{chapter.5}{\376\377\000W\000e\000r\000y\000f\000i\000k\000a\000c\000j\000a\000\040\000i\000\040\000w\000a\000l\000i\000d\000a\000c\000j\000a}{}% 27
\BOOKMARK [1][-]{section.5.1}{\376\377\000S\000p\000o\000s\000o\000b\000y\000\040\000t\000e\000s\000t\000o\000w\000a\000n\000i\000a\000\040\000i\000\040\000o\000r\000g\000a\000n\000i\000z\000a\000c\000j\000a\000\040\000e\000k\000s\000p\000e\000r\000y\000m\000e\000n\000t\000\363\000w}{chapter.5}% 28
\BOOKMARK [1][-]{section.5.2}{\376\377\000P\000r\000z\000y\000p\000a\000d\000k\000i\000\040\000t\000e\000s\000t\000o\000w\000e}{chapter.5}% 29
\BOOKMARK [1][-]{section.5.3}{\376\377\000W\000y\000k\000r\000y\000t\000e\000\040\000i\000\040\000u\000s\000u\000n\000i\001\031\000t\000e\000\040\000b\001\102\001\031\000d\000y}{chapter.5}% 30
\BOOKMARK [0][-]{chapter*.21}{\376\377\000P\000o\000d\000s\000u\000m\000o\000w\000a\000n\000i\000e\000\040\000i\000\040\000w\000n\000i\000o\000s\000k\000i}{}% 31
\BOOKMARK [0][-]{chapter*.22}{\376\377\000B\000i\000b\000l\000i\000o\000g\000r\000a\000f\000i\000a}{}% 32
\BOOKMARK [0][-]{appendix*.23}{\376\377\000S\000p\000i\000s\000\040\000s\000k\000r\000\363\000t\000\363\000w\000\040\000i\000\040\000s\000y\000m\000b\000o\000l\000i}{}% 33
\BOOKMARK [0][-]{appendix*.24}{\376\377\001\171\000r\000\363\000d\001\102\000a}{}% 34
\BOOKMARK [0][-]{appendix*.29}{\376\377\000L\000i\000s\000t\000a\000\040\000d\000o\000d\000a\000t\000k\000o\000w\000y\000c\000h\000\040\000p\000l\000i\000k\000\363\000w\000,\000\040\000u\000z\000u\000p\000e\001\102\000n\000i\000a\000j\001\005\000c\000y\000c\000h\000\040\000t\000e\000k\000s\000t\000\040\000p\000r\000a\000c\000y}{}% 35
\BOOKMARK [0][-]{appendix*.30}{\376\377\000S\000p\000i\000s\000\040\000r\000y\000s\000u\000n\000k\000\363\000w}{}% 36
\BOOKMARK [0][-]{appendix*.31}{\376\377\000S\000p\000i\000s\000\040\000t\000a\000b\000e\000l}{}% 37
